000 (2813352.000.000) 11/07 16:35:58 Job submitted from host: <188.185.71.142:9618?addrs=188.185.71.142-9618+[2001-1458-d00-7--100-388]-9618&alias=bigbird09.cern.ch&noUDP&sock=schedd_2370_338b_23>
...
040 (2813352.000.000) 11/07 16:49:29 Started transferring input files
	Transferring to host: <188.184.213.209:9618?addrs=188.184.213.209-9618+[2001-1458-301-10c--100-1b1]-9618&noUDP&sock=7680_0131_69461>
...
040 (2813352.000.000) 11/07 16:49:29 Finished transferring input files
...
001 (2813352.000.000) 11/07 16:49:30 Job executing on host: <188.184.213.209:9618?addrs=188.184.213.209-9618+[2001-1458-301-10c--100-1b1]-9618&noUDP&sock=5706_6b7c_3>
...
006 (2813352.000.000) 11/07 16:49:30 Image size of job updated: 1
	0  -  MemoryUsage of job (MB)
	0  -  ResidentSetSize of job (KB)
...
040 (2813352.000.000) 11/07 16:49:30 Started transferring output files
...
040 (2813352.000.000) 11/07 16:49:31 Finished transferring output files
...
005 (2813352.000.000) 11/07 16:49:31 Job terminated.
	(1) Normal termination (return value 127)
		Usr 0 00:00:00, Sys 0 00:00:00  -  Run Remote Usage
		Usr 0 00:00:00, Sys 0 00:00:00  -  Run Local Usage
		Usr 0 00:00:00, Sys 0 00:00:00  -  Total Remote Usage
		Usr 0 00:00:00, Sys 0 00:00:00  -  Total Local Usage
	274  -  Run Bytes Sent By Job
	5514  -  Run Bytes Received By Job
	274  -  Total Bytes Sent By Job
	5514  -  Total Bytes Received By Job
	Partitionable Resources :    Usage  Request Allocated 
	   Cpus                 :                 8           
	   Disk (KB)            :       21        7   3016809 
	   Memory (MB)          :        0    16000     16000 
...
